Assembler report for DE1_SoC
Fri May 31 21:12:55 2024
Quartus Prime Version 17.0.0 Build 595 04/25/2017 SJ Lite Edition


---------------------
; Table of Contents ;
---------------------
  1. Legal Notice
  2. Assembler Summary
  3. Assembler Settings
  4. Assembler Generated Files
  5. Assembler Device Options: C:/UW Sophomore Year/UW Spring 2024 Software/E E 271/ee271labs/lab8 files/lab8 (AFTER WORKING GOL)/lab8-blinker-recognition-main/output_files/DE1_SoC.sof
  6. Assembler Messages



----------------
; Legal Notice ;
----------------
Copyright (C) 2017  Intel Corporation. All rights reserved.
Your use of Intel Corporation's design tools, logic functions 
and other software and tools, and its AMPP partner logic 
functions, and any output files from any of the foregoing 
(including device programming or simulation files), and any 
associated documentation or information are expressly subject 
to the terms and conditions of the Intel Program License 
Subscription Agreement, the Intel Quartus Prime License Agreement,
the Intel MegaCore Function License Agreement, or other 
applicable license agreement, including, without limitation, 
that your use is for the sole purpose of programming logic 
devices manufactured by Intel and sold by Intel or its 
authorized distributors.  Please refer to the applicable 
agreement for further details.



+---------------------------------------------------------------+
; Assembler Summary                                             ;
+-----------------------+---------------------------------------+
; Assembler Status      ; Successful - Fri May 31 21:12:55 2024 ;
; Revision Name         ; DE1_SoC                               ;
; Top-level Entity Name ; DE1_SoC                               ;
; Family                ; Cyclone V                             ;
; Device                ; 5CSEMA5F31C6                          ;
+-----------------------+---------------------------------------+


+----------------------------------+
; Assembler Settings               ;
+--------+---------+---------------+
; Option ; Setting ; Default Value ;
+--------+---------+---------------+


+-----------------------------------------------------------------------------------------------------------------------------------------------------------+
; Assembler Generated Files                                                                                                                                 ;
+-----------------------------------------------------------------------------------------------------------------------------------------------------------+
; File Name                                                                                                                                                 ;
+-----------------------------------------------------------------------------------------------------------------------------------------------------------+
; C:/UW Sophomore Year/UW Spring 2024 Software/E E 271/ee271labs/lab8 files/lab8 (AFTER WORKING GOL)/lab8-blinker-recognition-main/output_files/DE1_SoC.sof ;
+-----------------------------------------------------------------------------------------------------------------------------------------------------------+


+-------------------------------------------------------------------------------------------------------------------------------------------------------------------------------------+
; Assembler Device Options: C:/UW Sophomore Year/UW Spring 2024 Software/E E 271/ee271labs/lab8 files/lab8 (AFTER WORKING GOL)/lab8-blinker-recognition-main/output_files/DE1_SoC.sof ;
+----------------+--------------------------------------------------------------------------------------------------------------------------------------------------------------------+
; Option         ; Setting                                                                                                                                                            ;
+----------------+--------------------------------------------------------------------------------------------------------------------------------------------------------------------+
; JTAG usercode  ; 0x00EC8646                                                                                                                                                         ;
; Checksum       ; 0x00EC8646                                                                                                                                                         ;
+----------------+--------------------------------------------------------------------------------------------------------------------------------------------------------------------+


+--------------------+
; Assembler Messages ;
+--------------------+
Info: *******************************************************************
Info: Running Quartus Prime Assembler
    Info: Version 17.0.0 Build 595 04/25/2017 SJ Lite Edition
    Info: Processing started: Fri May 31 21:12:44 2024
Info: Command: quartus_asm --read_settings_files=off --write_settings_files=off DE1_SoC -c DE1_SoC
Info (115030): Assembler is generating device programming files
Info: Quartus Prime Assembler was successful. 0 errors, 0 warnings
    Info: Peak virtual memory: 4847 megabytes
    Info: Processing ended: Fri May 31 21:12:55 2024
    Info: Elapsed time: 00:00:11
    Info: Total CPU time (on all processors): 00:00:07


