Analysis & Synthesis report for DE1_SoC
Fri May 31 21:09:52 2024
Quartus Prime Version 17.0.0 Build 595 04/25/2017 SJ Lite Edition


---------------------
; Table of Contents ;
---------------------
  1. Legal Notice
  2. Analysis & Synthesis Summary
  3. Analysis & Synthesis Settings
  4. Parallel Compilation
  5. Analysis & Synthesis Source Files Read
  6. Analysis & Synthesis Resource Usage Summary
  7. Analysis & Synthesis Resource Utilization by Entity
  8. Registers Removed During Synthesis
  9. General Register Statistics
 10. Inverted Register Statistics
 11. Multiplexer Restructuring Statistics (Restructuring Performed)
 12. Parameter Settings for User Entity Instance: Top-level Entity: |DE1_SoC
 13. Parameter Settings for User Entity Instance: userInput:user_interface
 14. Parameter Settings for User Entity Instance: LEDDriver:Driver
 15. Parameter Settings for User Entity Instance: controlUnit:control_unit
 16. Parameter Settings for Inferred Entity Instance: patternCounterDisplay:counter_display|lpm_divide:Mod0
 17. Port Connectivity Checks: "LEDDriver:Driver"
 18. Port Connectivity Checks: "clock_divider:cdiv"
 19. Post-Synthesis Netlist Statistics for Top Partition
 20. Elapsed Time Per Partition
 21. Analysis & Synthesis Messages
 22. Analysis & Synthesis Suppressed Messages



----------------
; Legal Notice ;
----------------
Copyright (C) 2017  Intel Corporation. All rights reserved.
Your use of Intel Corporation's design tools, logic functions 
and other software and tools, and its AMPP partner logic 
functions, and any output files from any of the foregoing 
(including device programming or simulation files), and any 
associated documentation or information are expressly subject 
to the terms and conditions of the Intel Program License 
Subscription Agreement, the Intel Quartus Prime License Agreement,
the Intel MegaCore Function License Agreement, or other 
applicable license agreement, including, without limitation, 
that your use is for the sole purpose of programming logic 
devices manufactured by Intel and sold by Intel or its 
authorized distributors.  Please refer to the applicable 
agreement for further details.



+-------------------------------------------------------------------------------+
; Analysis & Synthesis Summary                                                  ;
+---------------------------------+---------------------------------------------+
; Analysis & Synthesis Status     ; Successful - Fri May 31 21:09:52 2024       ;
; Quartus Prime Version           ; 17.0.0 Build 595 04/25/2017 SJ Lite Edition ;
; Revision Name                   ; DE1_SoC                                     ;
; Top-level Entity Name           ; DE1_SoC                                     ;
; Family                          ; Cyclone V                                   ;
; Logic utilization (in ALMs)     ; N/A                                         ;
; Total registers                 ; 856                                         ;
; Total pins                      ; 103                                         ;
; Total virtual pins              ; 0                                           ;
; Total block memory bits         ; 0                                           ;
; Total DSP Blocks                ; 0                                           ;
; Total HSSI RX PCSs              ; 0                                           ;
; Total HSSI PMA RX Deserializers ; 0                                           ;
; Total HSSI TX PCSs              ; 0                                           ;
; Total HSSI PMA TX Serializers   ; 0                                           ;
; Total PLLs                      ; 0                                           ;
; Total DLLs                      ; 0                                           ;
+---------------------------------+---------------------------------------------+


+---------------------------------------------------------------------------------------------------------------------------+
; Analysis & Synthesis Settings                                                                                             ;
+---------------------------------------------------------------------------------+--------------------+--------------------+
; Option                                                                          ; Setting            ; Default Value      ;
+---------------------------------------------------------------------------------+--------------------+--------------------+
; Device                                                                          ; 5CSEMA5F31C6       ;                    ;
; Top-level entity name                                                           ; DE1_SoC            ; DE1_SoC            ;
; Family name                                                                     ; Cyclone V          ; Cyclone V          ;
; State Machine Processing                                                        ; User-Encoded       ; Auto               ;
; Use smart compilation                                                           ; Off                ; Off                ;
; Enable parallel Assembler and TimeQuest Timing Analyzer during compilation      ; On                 ; On                 ;
; Enable compact report table                                                     ; Off                ; Off                ;
; Restructure Multiplexers                                                        ; Auto               ; Auto               ;
; MLAB Add Timing Constraints For Mixed-Port Feed-Through Mode Setting Don't Care ; Off                ; Off                ;
; Create Debugging Nodes for IP Cores                                             ; Off                ; Off                ;
; Preserve fewer node names                                                       ; On                 ; On                 ;
; OpenCore Plus hardware evaluation                                               ; Enable             ; Enable             ;
; Verilog Version                                                                 ; Verilog_2001       ; Verilog_2001       ;
; VHDL Version                                                                    ; VHDL_1993          ; VHDL_1993          ;
; Safe State Machine                                                              ; Off                ; Off                ;
; Extract Verilog State Machines                                                  ; On                 ; On                 ;
; Extract VHDL State Machines                                                     ; On                 ; On                 ;
; Ignore Verilog initial constructs                                               ; Off                ; Off                ;
; Iteration limit for constant Verilog loops                                      ; 5000               ; 5000               ;
; Iteration limit for non-constant Verilog loops                                  ; 250                ; 250                ;
; Add Pass-Through Logic to Inferred RAMs                                         ; On                 ; On                 ;
; Infer RAMs from Raw Logic                                                       ; On                 ; On                 ;
; Parallel Synthesis                                                              ; On                 ; On                 ;
; DSP Block Balancing                                                             ; Auto               ; Auto               ;
; NOT Gate Push-Back                                                              ; On                 ; On                 ;
; Power-Up Don't Care                                                             ; On                 ; On                 ;
; Remove Redundant Logic Cells                                                    ; Off                ; Off                ;
; Remove Duplicate Registers                                                      ; On                 ; On                 ;
; Ignore CARRY Buffers                                                            ; Off                ; Off                ;
; Ignore CASCADE Buffers                                                          ; Off                ; Off                ;
; Ignore GLOBAL Buffers                                                           ; Off                ; Off                ;
; Ignore ROW GLOBAL Buffers                                                       ; Off                ; Off                ;
; Ignore LCELL Buffers                                                            ; Off                ; Off                ;
; Ignore SOFT Buffers                                                             ; On                 ; On                 ;
; Limit AHDL Integers to 32 Bits                                                  ; Off                ; Off                ;
; Optimization Technique                                                          ; Balanced           ; Balanced           ;
; Carry Chain Length                                                              ; 70                 ; 70                 ;
; Auto Carry Chains                                                               ; On                 ; On                 ;
; Auto Open-Drain Pins                                                            ; On                 ; On                 ;
; Perform WYSIWYG Primitive Resynthesis                                           ; Off                ; Off                ;
; Auto ROM Replacement                                                            ; On                 ; On                 ;
; Auto RAM Replacement                                                            ; On                 ; On                 ;
; Auto DSP Block Replacement                                                      ; On                 ; On                 ;
; Auto Shift Register Replacement                                                 ; Auto               ; Auto               ;
; Allow Shift Register Merging across Hierarchies                                 ; Auto               ; Auto               ;
; Auto Clock Enable Replacement                                                   ; On                 ; On                 ;
; Strict RAM Replacement                                                          ; Off                ; Off                ;
; Allow Synchronous Control Signals                                               ; On                 ; On                 ;
; Force Use of Synchronous Clear Signals                                          ; Off                ; Off                ;
; Auto Resource Sharing                                                           ; Off                ; Off                ;
; Allow Any RAM Size For Recognition                                              ; Off                ; Off                ;
; Allow Any ROM Size For Recognition                                              ; Off                ; Off                ;
; Allow Any Shift Register Size For Recognition                                   ; Off                ; Off                ;
; Use LogicLock Constraints during Resource Balancing                             ; On                 ; On                 ;
; Ignore translate_off and synthesis_off directives                               ; Off                ; Off                ;
; Timing-Driven Synthesis                                                         ; On                 ; On                 ;
; Report Parameter Settings                                                       ; On                 ; On                 ;
; Report Source Assignments                                                       ; On                 ; On                 ;
; Report Connectivity Checks                                                      ; On                 ; On                 ;
; Ignore Maximum Fan-Out Assignments                                              ; Off                ; Off                ;
; Synchronization Register Chain Length                                           ; 3                  ; 3                  ;
; PowerPlay Power Optimization During Synthesis                                   ; Normal compilation ; Normal compilation ;
; HDL message level                                                               ; Level2             ; Level2             ;
; Suppress Register Optimization Related Messages                                 ; Off                ; Off                ;
; Number of Removed Registers Reported in Synthesis Report                        ; 5000               ; 5000               ;
; Number of Swept Nodes Reported in Synthesis Report                              ; 5000               ; 5000               ;
; Number of Inverted Registers Reported in Synthesis Report                       ; 100                ; 100                ;
; Clock MUX Protection                                                            ; On                 ; On                 ;
; Auto Gated Clock Conversion                                                     ; Off                ; Off                ;
; Block Design Naming                                                             ; Auto               ; Auto               ;
; SDC constraint protection                                                       ; Off                ; Off                ;
; Synthesis Effort                                                                ; Auto               ; Auto               ;
; Shift Register Replacement - Allow Asynchronous Clear Signal                    ; On                 ; On                 ;
; Pre-Mapping Resynthesis Optimization                                            ; Off                ; Off                ;
; Analysis & Synthesis Message Level                                              ; Medium             ; Medium             ;
; Disable Register Merging Across Hierarchies                                     ; Auto               ; Auto               ;
; Resource Aware Inference For Block RAM                                          ; On                 ; On                 ;
; Automatic Parallel Synthesis                                                    ; On                 ; On                 ;
; Partial Reconfiguration Bitstream ID                                            ; Off                ; Off                ;
+---------------------------------------------------------------------------------+--------------------+--------------------+


+------------------------------------------+
; Parallel Compilation                     ;
+----------------------------+-------------+
; Processors                 ; Number      ;
+----------------------------+-------------+
; Number detected on machine ; 16          ;
; Maximum allowed            ; 16          ;
;                            ;             ;
; Average used               ; 1.00        ;
; Maximum used               ; 16          ;
;                            ;             ;
; Usage by Processor         ; % Time Used ;
;     Processor 1            ; 100.0%      ;
;     Processor 2            ;   0.0%      ;
;     Processor 3            ;   0.0%      ;
;     Processor 4            ;   0.0%      ;
;     Processor 5            ;   0.0%      ;
;     Processor 6            ;   0.0%      ;
;     Processor 7            ;   0.0%      ;
;     Processor 8            ;   0.0%      ;
;     Processors 9-16        ;   0.0%      ;
+----------------------------+-------------+


+-----------------------------------------------------------------------------------------------------------------------------------------------------------------------------------------------------------------------------------------------------------+
; Analysis & Synthesis Source Files Read                                                                                                                                                                                                                    ;
+----------------------------------+-----------------+------------------------------+-------------------------------------------------------------------------------------------------------------------------------------------------------------+---------+
; File Name with User-Entered Path ; Used in Netlist ; File Type                    ; File Name with Absolute Path                                                                                                                                ; Library ;
+----------------------------------+-----------------+------------------------------+-------------------------------------------------------------------------------------------------------------------------------------------------------------+---------+
; DE1_SoC.sv                       ; yes             ; User SystemVerilog HDL File  ; C:/UW Sophomore Year/UW Spring 2024 Software/E E 271/ee271labs/lab8 files/lab8 (AFTER WORKING GOL)/lab8-blinker-recognition-main/DE1_SoC.sv                 ;         ;
; clock_divider.sv                 ; yes             ; User SystemVerilog HDL File  ; C:/UW Sophomore Year/UW Spring 2024 Software/E E 271/ee271labs/lab8 files/lab8 (AFTER WORKING GOL)/lab8-blinker-recognition-main/clock_divider.sv           ;         ;
; userInput.sv                     ; yes             ; User SystemVerilog HDL File  ; C:/UW Sophomore Year/UW Spring 2024 Software/E E 271/ee271labs/lab8 files/lab8 (AFTER WORKING GOL)/lab8-blinker-recognition-main/userInput.sv               ;         ;
; LEDDriver.sv                     ; yes             ; User SystemVerilog HDL File  ; C:/UW Sophomore Year/UW Spring 2024 Software/E E 271/ee271labs/lab8 files/lab8 (AFTER WORKING GOL)/lab8-blinker-recognition-main/LEDDriver.sv               ;         ;
; grid.sv                          ; yes             ; User SystemVerilog HDL File  ; C:/UW Sophomore Year/UW Spring 2024 Software/E E 271/ee271labs/lab8 files/lab8 (AFTER WORKING GOL)/lab8-blinker-recognition-main/grid.sv                    ;         ;
; controlUnit.sv                   ; yes             ; User SystemVerilog HDL File  ; C:/UW Sophomore Year/UW Spring 2024 Software/E E 271/ee271labs/lab8 files/lab8 (AFTER WORKING GOL)/lab8-blinker-recognition-main/controlUnit.sv             ;         ;
; updateLogic.sv                   ; yes             ; User SystemVerilog HDL File  ; C:/UW Sophomore Year/UW Spring 2024 Software/E E 271/ee271labs/lab8 files/lab8 (AFTER WORKING GOL)/lab8-blinker-recognition-main/updateLogic.sv             ;         ;
; patternCounterDisplay.sv         ; yes             ; User SystemVerilog HDL File  ; C:/UW Sophomore Year/UW Spring 2024 Software/E E 271/ee271labs/lab8 files/lab8 (AFTER WORKING GOL)/lab8-blinker-recognition-main/patternCounterDisplay.sv   ;         ;
; lpm_divide.tdf                   ; yes             ; Megafunction                 ; c:/intelfpga_lite/17.0/quartus/libraries/megafunctions/lpm_divide.tdf                                                                                       ;         ;
; abs_divider.inc                  ; yes             ; Megafunction                 ; c:/intelfpga_lite/17.0/quartus/libraries/megafunctions/abs_divider.inc                                                                                      ;         ;
; sign_div_unsign.inc              ; yes             ; Megafunction                 ; c:/intelfpga_lite/17.0/quartus/libraries/megafunctions/sign_div_unsign.inc                                                                                  ;         ;
; aglobal170.inc                   ; yes             ; Megafunction                 ; c:/intelfpga_lite/17.0/quartus/libraries/megafunctions/aglobal170.inc                                                                                       ;         ;
; db/lpm_divide_42m.tdf            ; yes             ; Auto-Generated Megafunction  ; C:/UW Sophomore Year/UW Spring 2024 Software/E E 271/ee271labs/lab8 files/lab8 (AFTER WORKING GOL)/lab8-blinker-recognition-main/db/lpm_divide_42m.tdf      ;         ;
; db/sign_div_unsign_7kh.tdf       ; yes             ; Auto-Generated Megafunction  ; C:/UW Sophomore Year/UW Spring 2024 Software/E E 271/ee271labs/lab8 files/lab8 (AFTER WORKING GOL)/lab8-blinker-recognition-main/db/sign_div_unsign_7kh.tdf ;         ;
; db/alt_u_div_kse.tdf             ; yes             ; Auto-Generated Megafunction  ; C:/UW Sophomore Year/UW Spring 2024 Software/E E 271/ee271labs/lab8 files/lab8 (AFTER WORKING GOL)/lab8-blinker-recognition-main/db/alt_u_div_kse.tdf       ;         ;
+----------------------------------+-----------------+------------------------------+-------------------------------------------------------------------------------------------------------------------------------------------------------------+---------+


+------------------------------------------------------------------------------------+
; Analysis & Synthesis Resource Usage Summary                                        ;
+---------------------------------------------+--------------------------------------+
; Resource                                    ; Usage                                ;
+---------------------------------------------+--------------------------------------+
; Estimate of Logic utilization (ALMs needed) ; 1790                                 ;
;                                             ;                                      ;
; Combinational ALUT usage for logic          ; 2543                                 ;
;     -- 7 input functions                    ; 224                                  ;
;     -- 6 input functions                    ; 784                                  ;
;     -- 5 input functions                    ; 596                                  ;
;     -- 4 input functions                    ; 138                                  ;
;     -- <=3 input functions                  ; 801                                  ;
;                                             ;                                      ;
; Dedicated logic registers                   ; 856                                  ;
;                                             ;                                      ;
; I/O pins                                    ; 103                                  ;
;                                             ;                                      ;
; Total DSP Blocks                            ; 0                                    ;
;                                             ;                                      ;
; Maximum fan-out node                        ; clock_divider:cdiv|divided_clocks[6] ;
; Maximum fan-out                             ; 850                                  ;
; Total fan-out                               ; 15184                                ;
; Average fan-out                             ; 4.21                                 ;
+---------------------------------------------+--------------------------------------+


+---------------------------------------------------------------------------------------------------------------------------------------------------------------------------------------------------------------------------------------------------------------------------------------------------------------------------------------------+
; Analysis & Synthesis Resource Utilization by Entity                                                                                                                                                                                                                                                                                         ;
+--------------------------------------------+---------------------+---------------------------+-------------------+------------+------+--------------+------------------------------------------------------------------------------------------------------------------------------------------------+-----------------------+--------------+
; Compilation Hierarchy Node                 ; Combinational ALUTs ; Dedicated Logic Registers ; Block Memory Bits ; DSP Blocks ; Pins ; Virtual Pins ; Full Hierarchy Name                                                                                                                            ; Entity Name           ; Library Name ;
+--------------------------------------------+---------------------+---------------------------+-------------------+------------+------+--------------+------------------------------------------------------------------------------------------------------------------------------------------------+-----------------------+--------------+
; |DE1_SoC                                   ; 2543 (0)            ; 856 (0)                   ; 0                 ; 0          ; 103  ; 0            ; |DE1_SoC                                                                                                                                       ; DE1_SoC               ; work         ;
;    |LEDDriver:Driver|                      ; 155 (155)           ; 4 (4)                     ; 0                 ; 0          ; 0    ; 0            ; |DE1_SoC|LEDDriver:Driver                                                                                                                      ; LEDDriver             ; work         ;
;    |clock_divider:cdiv|                    ; 7 (7)               ; 7 (7)                     ; 0                 ; 0          ; 0    ; 0            ; |DE1_SoC|clock_divider:cdiv                                                                                                                    ; clock_divider         ; work         ;
;    |controlUnit:control_unit|              ; 40 (40)             ; 33 (33)                   ; 0                 ; 0          ; 0    ; 0            ; |DE1_SoC|controlUnit:control_unit                                                                                                              ; controlUnit           ; work         ;
;    |grid:grid_inst|                        ; 912 (912)           ; 484 (484)                 ; 0                 ; 0          ; 0    ; 0            ; |DE1_SoC|grid:grid_inst                                                                                                                        ; grid                  ; work         ;
;    |patternCounterDisplay:counter_display| ; 17 (8)              ; 0 (0)                     ; 0                 ; 0          ; 0    ; 0            ; |DE1_SoC|patternCounterDisplay:counter_display                                                                                                 ; patternCounterDisplay ; work         ;
;       |lpm_divide:Mod0|                    ; 9 (0)               ; 0 (0)                     ; 0                 ; 0          ; 0    ; 0            ; |DE1_SoC|patternCounterDisplay:counter_display|lpm_divide:Mod0                                                                                 ; lpm_divide            ; work         ;
;          |lpm_divide_42m:auto_generated|   ; 9 (0)               ; 0 (0)                     ; 0                 ; 0          ; 0    ; 0            ; |DE1_SoC|patternCounterDisplay:counter_display|lpm_divide:Mod0|lpm_divide_42m:auto_generated                                                   ; lpm_divide_42m        ; work         ;
;             |sign_div_unsign_7kh:divider|  ; 9 (0)               ; 0 (0)                     ; 0                 ; 0          ; 0    ; 0            ; |DE1_SoC|patternCounterDisplay:counter_display|lpm_divide:Mod0|lpm_divide_42m:auto_generated|sign_div_unsign_7kh:divider                       ; sign_div_unsign_7kh   ; work         ;
;                |alt_u_div_kse:divider|     ; 9 (9)               ; 0 (0)                     ; 0                 ; 0          ; 0    ; 0            ; |DE1_SoC|patternCounterDisplay:counter_display|lpm_divide:Mod0|lpm_divide_42m:auto_generated|sign_div_unsign_7kh:divider|alt_u_div_kse:divider ; alt_u_div_kse         ; work         ;
;    |updateLogic:game_of_life|              ; 1257 (1257)         ; 256 (256)                 ; 0                 ; 0          ; 0    ; 0            ; |DE1_SoC|updateLogic:game_of_life                                                                                                              ; updateLogic           ; work         ;
;    |userInput:user_interface|              ; 155 (155)           ; 72 (72)                   ; 0                 ; 0          ; 0    ; 0            ; |DE1_SoC|userInput:user_interface                                                                                                              ; userInput             ; work         ;
+--------------------------------------------+---------------------+---------------------------+-------------------+------------+------+--------------+------------------------------------------------------------------------------------------------------------------------------------------------+-----------------------+--------------+
Note: For table entries with two numbers listed, the numbers in parentheses indicate the number of resources of the given type used by the specific entity alone. The numbers listed outside of parentheses indicate the total resources of the given type used by the specific entity and all of its sub-entities in the hierarchy.


+---------------------------------------------------------------+
; Registers Removed During Synthesis                            ;
+------------------------------------------+--------------------+
; Register name                            ; Reason for Removal ;
+------------------------------------------+--------------------+
; clock_divider:cdiv|divided_clocks[7..31] ; Lost fanout        ;
; Total Number of Removed Registers = 25   ;                    ;
+------------------------------------------+--------------------+


+------------------------------------------------------+
; General Register Statistics                          ;
+----------------------------------------------+-------+
; Statistic                                    ; Value ;
+----------------------------------------------+-------+
; Total registers                              ; 856   ;
; Number of registers using Synchronous Clear  ; 65    ;
; Number of registers using Synchronous Load   ; 2     ;
; Number of registers using Asynchronous Clear ; 845   ;
; Number of registers using Asynchronous Load  ; 0     ;
; Number of registers using Clock Enable       ; 322   ;
; Number of registers using Preset             ; 0     ;
+----------------------------------------------+-------+


+--------------------------------------------------+
; Inverted Register Statistics                     ;
+----------------------------------------+---------+
; Inverted Register                      ; Fan out ;
+----------------------------------------+---------+
; userInput:user_interface|col[3]        ; 54      ;
; userInput:user_interface|row[3]        ; 60      ;
; userInput:user_interface|saved_col[3]  ; 1       ;
; userInput:user_interface|saved_row[3]  ; 1       ;
; Total number of inverted registers = 4 ;         ;
+----------------------------------------+---------+


+--------------------------------------------------------------------------------------------------------------------------------------------------------+
; Multiplexer Restructuring Statistics (Restructuring Performed)                                                                                         ;
+--------------------+-----------+---------------+----------------------+------------------------+------------+------------------------------------------+
; Multiplexer Inputs ; Bus Width ; Baseline Area ; Area if Restructured ; Saving if Restructured ; Registered ; Example Multiplexer Output               ;
+--------------------+-----------+---------------+----------------------+------------------------+------------+------------------------------------------+
; 3:1                ; 7 bits    ; 14 LEs        ; 7 LEs                ; 7 LEs                  ; Yes        ; |DE1_SoC|userInput:user_interface|row[6] ;
; 3:1                ; 7 bits    ; 14 LEs        ; 7 LEs                ; 7 LEs                  ; Yes        ; |DE1_SoC|userInput:user_interface|col[0] ;
; 16:1               ; 16 bits   ; 160 LEs       ; 160 LEs              ; 0 LEs                  ; No         ; |DE1_SoC|LEDDriver:Driver|Mux28          ;
; 32:1               ; 16 bits   ; 336 LEs       ; 336 LEs              ; 0 LEs                  ; No         ; |DE1_SoC|LEDDriver:Driver|Mux15          ;
+--------------------+-----------+---------------+----------------------+------------------------+------------+------------------------------------------+


+-------------------------------------------------------------------------+
; Parameter Settings for User Entity Instance: Top-level Entity: |DE1_SoC ;
+----------------+-------+------------------------------------------------+
; Parameter Name ; Value ; Type                                           ;
+----------------+-------+------------------------------------------------+
; slow           ; 6     ; Signed Integer                                 ;
+----------------+-------+------------------------------------------------+
Note: In order to hide this table in the UI and the text report file, please set the "Show Parameter Settings in Synthesis Report" option in "Analysis and Synthesis Settings -> More Settings" to "Off".


+-----------------------------------------------------------------------+
; Parameter Settings for User Entity Instance: userInput:user_interface ;
+----------------+--------+---------------------------------------------+
; Parameter Name ; Value  ; Type                                        ;
+----------------+--------+---------------------------------------------+
; BLINK_INTERVAL ; 250000 ; Signed Integer                              ;
+----------------+--------+---------------------------------------------+
Note: In order to hide this table in the UI and the text report file, please set the "Show Parameter Settings in Synthesis Report" option in "Analysis and Synthesis Settings -> More Settings" to "Off".


+---------------------------------------------------------------+
; Parameter Settings for User Entity Instance: LEDDriver:Driver ;
+----------------+-------+--------------------------------------+
; Parameter Name ; Value ; Type                                 ;
+----------------+-------+--------------------------------------+
; FREQDIV        ; 0     ; Signed Integer                       ;
+----------------+-------+--------------------------------------+
Note: In order to hide this table in the UI and the text report file, please set the "Show Parameter Settings in Synthesis Report" option in "Analysis and Synthesis Settings -> More Settings" to "Off".


+-----------------------------------------------------------------------+
; Parameter Settings for User Entity Instance: controlUnit:control_unit ;
+-----------------+--------+--------------------------------------------+
; Parameter Name  ; Value  ; Type                                       ;
+-----------------+--------+--------------------------------------------+
; UPDATE_INTERVAL ; 250000 ; Signed Integer                             ;
+-----------------+--------+--------------------------------------------+
Note: In order to hide this table in the UI and the text report file, please set the "Show Parameter Settings in Synthesis Report" option in "Analysis and Synthesis Settings -> More Settings" to "Off".


+--------------------------------------------------------------------------------------------------------+
; Parameter Settings for Inferred Entity Instance: patternCounterDisplay:counter_display|lpm_divide:Mod0 ;
+------------------------+----------------+--------------------------------------------------------------+
; Parameter Name         ; Value          ; Type                                                         ;
+------------------------+----------------+--------------------------------------------------------------+
; LPM_WIDTHN             ; 4              ; Untyped                                                      ;
; LPM_WIDTHD             ; 4              ; Untyped                                                      ;
; LPM_NREPRESENTATION    ; UNSIGNED       ; Untyped                                                      ;
; LPM_DREPRESENTATION    ; UNSIGNED       ; Untyped                                                      ;
; LPM_PIPELINE           ; 0              ; Untyped                                                      ;
; LPM_REMAINDERPOSITIVE  ; TRUE           ; Untyped                                                      ;
; MAXIMIZE_SPEED         ; 5              ; Untyped                                                      ;
; CBXI_PARAMETER         ; lpm_divide_42m ; Untyped                                                      ;
; CARRY_CHAIN            ; MANUAL         ; Untyped                                                      ;
; OPTIMIZE_FOR_SPEED     ; 5              ; Untyped                                                      ;
; AUTO_CARRY_CHAINS      ; ON             ; AUTO_CARRY                                                   ;
; IGNORE_CARRY_BUFFERS   ; OFF            ; IGNORE_CARRY                                                 ;
; AUTO_CASCADE_CHAINS    ; ON             ; AUTO_CASCADE                                                 ;
; IGNORE_CASCADE_BUFFERS ; OFF            ; IGNORE_CASCADE                                               ;
+------------------------+----------------+--------------------------------------------------------------+
Note: In order to hide this table in the UI and the text report file, please set the "Show Parameter Settings in Synthesis Report" option in "Analysis and Synthesis Settings -> More Settings" to "Off".


+-----------------------------------------------+
; Port Connectivity Checks: "LEDDriver:Driver"  ;
+-------------+-------+----------+--------------+
; Port        ; Type  ; Severity ; Details      ;
+-------------+-------+----------+--------------+
; EnableCount ; Input ; Info     ; Stuck at VCC ;
+-------------+-------+----------+--------------+


+---------------------------------------------------------------------------------------------------------------------------------+
; Port Connectivity Checks: "clock_divider:cdiv"                                                                                  ;
+-----------------------+--------+----------+-------------------------------------------------------------------------------------+
; Port                  ; Type   ; Severity ; Details                                                                             ;
+-----------------------+--------+----------+-------------------------------------------------------------------------------------+
; divided_clocks[31..7] ; Output ; Info     ; Connected to dangling logic. Logic that only feeds a dangling port will be removed. ;
; divided_clocks[5..0]  ; Output ; Info     ; Connected to dangling logic. Logic that only feeds a dangling port will be removed. ;
+-----------------------+--------+----------+-------------------------------------------------------------------------------------+


+-----------------------------------------------------+
; Post-Synthesis Netlist Statistics for Top Partition ;
+-----------------------+-----------------------------+
; Type                  ; Count                       ;
+-----------------------+-----------------------------+
; arriav_ff             ; 856                         ;
;     CLR               ; 520                         ;
;     CLR SCLR          ; 1                           ;
;     CLR SLD           ; 2                           ;
;     ENA CLR           ; 258                         ;
;     ENA CLR SCLR      ; 64                          ;
;     plain             ; 11                          ;
; arriav_lcell_comb     ; 2546                        ;
;     arith             ; 86                          ;
;         1 data inputs ; 71                          ;
;         2 data inputs ; 1                           ;
;         4 data inputs ; 2                           ;
;         5 data inputs ; 12                          ;
;     extend            ; 224                         ;
;         7 data inputs ; 224                         ;
;     normal            ; 2231                        ;
;         0 data inputs ; 2                           ;
;         1 data inputs ; 3                           ;
;         2 data inputs ; 48                          ;
;         3 data inputs ; 674                         ;
;         4 data inputs ; 136                         ;
;         5 data inputs ; 584                         ;
;         6 data inputs ; 784                         ;
;     shared            ; 5                           ;
;         0 data inputs ; 1                           ;
;         1 data inputs ; 4                           ;
; boundary_port         ; 103                         ;
;                       ;                             ;
; Max LUT depth         ; 99.00                       ;
; Average LUT depth     ; 23.05                       ;
+-----------------------+-----------------------------+


+-------------------------------+
; Elapsed Time Per Partition    ;
+----------------+--------------+
; Partition Name ; Elapsed Time ;
+----------------+--------------+
; Top            ; 00:00:11     ;
+----------------+--------------+


+-------------------------------+
; Analysis & Synthesis Messages ;
+-------------------------------+
Info: *******************************************************************
Info: Running Quartus Prime Analysis & Synthesis
    Info: Version 17.0.0 Build 595 04/25/2017 SJ Lite Edition
    Info: Processing started: Fri May 31 21:09:31 2024
Info: Command: quartus_map --read_settings_files=on --write_settings_files=off DE1_SoC -c DE1_SoC
Info (20030): Parallel compilation is enabled and will use 16 of the 16 processors detected
Info (12021): Found 2 design units, including 2 entities, in source file de1_soc.sv
    Info (12023): Found entity 1: DE1_SoC File: C:/UW Sophomore Year/UW Spring 2024 Software/E E 271/ee271labs/lab8 files/lab8 (AFTER WORKING GOL)/lab8-blinker-recognition-main/DE1_SoC.sv Line: 3
    Info (12023): Found entity 2: DE1_SoC_testbench File: C:/UW Sophomore Year/UW Spring 2024 Software/E E 271/ee271labs/lab8 files/lab8 (AFTER WORKING GOL)/lab8-blinker-recognition-main/DE1_SoC.sv Line: 92
Info (12021): Found 2 design units, including 2 entities, in source file clock_divider.sv
    Info (12023): Found entity 1: clock_divider File: C:/UW Sophomore Year/UW Spring 2024 Software/E E 271/ee271labs/lab8 files/lab8 (AFTER WORKING GOL)/lab8-blinker-recognition-main/clock_divider.sv Line: 2
    Info (12023): Found entity 2: clock_divider_testbench File: C:/UW Sophomore Year/UW Spring 2024 Software/E E 271/ee271labs/lab8 files/lab8 (AFTER WORKING GOL)/lab8-blinker-recognition-main/clock_divider.sv Line: 13
Info (12021): Found 2 design units, including 2 entities, in source file userinput.sv
    Info (12023): Found entity 1: userInput File: C:/UW Sophomore Year/UW Spring 2024 Software/E E 271/ee271labs/lab8 files/lab8 (AFTER WORKING GOL)/lab8-blinker-recognition-main/userInput.sv Line: 3
    Info (12023): Found entity 2: userInput_testbench File: C:/UW Sophomore Year/UW Spring 2024 Software/E E 271/ee271labs/lab8 files/lab8 (AFTER WORKING GOL)/lab8-blinker-recognition-main/userInput.sv Line: 107
Info (12021): Found 3 design units, including 3 entities, in source file leddriver.sv
    Info (12023): Found entity 1: LEDDriver File: C:/UW Sophomore Year/UW Spring 2024 Software/E E 271/ee271labs/lab8 files/lab8 (AFTER WORKING GOL)/lab8-blinker-recognition-main/LEDDriver.sv Line: 13
    Info (12023): Found entity 2: LEDDriver_Test File: C:/UW Sophomore Year/UW Spring 2024 Software/E E 271/ee271labs/lab8 files/lab8 (AFTER WORKING GOL)/lab8-blinker-recognition-main/LEDDriver.sv Line: 34
    Info (12023): Found entity 3: LEDDriver_TestPhysical File: C:/UW Sophomore Year/UW Spring 2024 Software/E E 271/ee271labs/lab8 files/lab8 (AFTER WORKING GOL)/lab8-blinker-recognition-main/LEDDriver.sv Line: 71
Info (12021): Found 2 design units, including 2 entities, in source file grid.sv
    Info (12023): Found entity 1: grid File: C:/UW Sophomore Year/UW Spring 2024 Software/E E 271/ee271labs/lab8 files/lab8 (AFTER WORKING GOL)/lab8-blinker-recognition-main/grid.sv Line: 3
    Info (12023): Found entity 2: grid_testbench File: C:/UW Sophomore Year/UW Spring 2024 Software/E E 271/ee271labs/lab8 files/lab8 (AFTER WORKING GOL)/lab8-blinker-recognition-main/grid.sv Line: 51
Info (12021): Found 2 design units, including 2 entities, in source file controlunit.sv
    Info (12023): Found entity 1: controlUnit File: C:/UW Sophomore Year/UW Spring 2024 Software/E E 271/ee271labs/lab8 files/lab8 (AFTER WORKING GOL)/lab8-blinker-recognition-main/controlUnit.sv Line: 3
    Info (12023): Found entity 2: controlUnit_testbench File: C:/UW Sophomore Year/UW Spring 2024 Software/E E 271/ee271labs/lab8 files/lab8 (AFTER WORKING GOL)/lab8-blinker-recognition-main/controlUnit.sv Line: 31
Info (12021): Found 2 design units, including 2 entities, in source file updatelogic.sv
    Info (12023): Found entity 1: updateLogic File: C:/UW Sophomore Year/UW Spring 2024 Software/E E 271/ee271labs/lab8 files/lab8 (AFTER WORKING GOL)/lab8-blinker-recognition-main/updateLogic.sv Line: 4
    Info (12023): Found entity 2: updateLogic_testbench File: C:/UW Sophomore Year/UW Spring 2024 Software/E E 271/ee271labs/lab8 files/lab8 (AFTER WORKING GOL)/lab8-blinker-recognition-main/updateLogic.sv Line: 55
Warning (10229): Verilog HDL Expression warning at patternCounterDisplay.sv(65): truncated literal to match 4 bits File: C:/UW Sophomore Year/UW Spring 2024 Software/E E 271/ee271labs/lab8 files/lab8 (AFTER WORKING GOL)/lab8-blinker-recognition-main/patternCounterDisplay.sv Line: 65
Info (12021): Found 2 design units, including 2 entities, in source file patterncounterdisplay.sv
    Info (12023): Found entity 1: patternCounterDisplay File: C:/UW Sophomore Year/UW Spring 2024 Software/E E 271/ee271labs/lab8 files/lab8 (AFTER WORKING GOL)/lab8-blinker-recognition-main/patternCounterDisplay.sv Line: 3
    Info (12023): Found entity 2: patternCounterDisplay_testbench File: C:/UW Sophomore Year/UW Spring 2024 Software/E E 271/ee271labs/lab8 files/lab8 (AFTER WORKING GOL)/lab8-blinker-recognition-main/patternCounterDisplay.sv Line: 33
Info (12127): Elaborating entity "DE1_SoC" for the top level hierarchy
Info (12128): Elaborating entity "clock_divider" for hierarchy "clock_divider:cdiv" File: C:/UW Sophomore Year/UW Spring 2024 Software/E E 271/ee271labs/lab8 files/lab8 (AFTER WORKING GOL)/lab8-blinker-recognition-main/DE1_SoC.sv Line: 18
Info (12128): Elaborating entity "userInput" for hierarchy "userInput:user_interface" File: C:/UW Sophomore Year/UW Spring 2024 Software/E E 271/ee271labs/lab8 files/lab8 (AFTER WORKING GOL)/lab8-blinker-recognition-main/DE1_SoC.sv Line: 38
Warning (10230): Verilog HDL assignment warning at userInput.sv(24): truncated value with size 32 to match size of target (1) File: C:/UW Sophomore Year/UW Spring 2024 Software/E E 271/ee271labs/lab8 files/lab8 (AFTER WORKING GOL)/lab8-blinker-recognition-main/userInput.sv Line: 24
Warning (10230): Verilog HDL assignment warning at userInput.sv(25): truncated value with size 32 to match size of target (1) File: C:/UW Sophomore Year/UW Spring 2024 Software/E E 271/ee271labs/lab8 files/lab8 (AFTER WORKING GOL)/lab8-blinker-recognition-main/userInput.sv Line: 25
Warning (10230): Verilog HDL assignment warning at userInput.sv(26): truncated value with size 32 to match size of target (1) File: C:/UW Sophomore Year/UW Spring 2024 Software/E E 271/ee271labs/lab8 files/lab8 (AFTER WORKING GOL)/lab8-blinker-recognition-main/userInput.sv Line: 26
Warning (10230): Verilog HDL assignment warning at userInput.sv(27): truncated value with size 32 to match size of target (1) File: C:/UW Sophomore Year/UW Spring 2024 Software/E E 271/ee271labs/lab8 files/lab8 (AFTER WORKING GOL)/lab8-blinker-recognition-main/userInput.sv Line: 27
Info (12128): Elaborating entity "grid" for hierarchy "grid:grid_inst" File: C:/UW Sophomore Year/UW Spring 2024 Software/E E 271/ee271labs/lab8 files/lab8 (AFTER WORKING GOL)/lab8-blinker-recognition-main/DE1_SoC.sv Line: 52
Warning (10230): Verilog HDL assignment warning at grid.sv(42): truncated value with size 32 to match size of target (4) File: C:/UW Sophomore Year/UW Spring 2024 Software/E E 271/ee271labs/lab8 files/lab8 (AFTER WORKING GOL)/lab8-blinker-recognition-main/grid.sv Line: 42
Info (12128): Elaborating entity "updateLogic" for hierarchy "updateLogic:game_of_life" File: C:/UW Sophomore Year/UW Spring 2024 Software/E E 271/ee271labs/lab8 files/lab8 (AFTER WORKING GOL)/lab8-blinker-recognition-main/DE1_SoC.sv Line: 60
Warning (10230): Verilog HDL assignment warning at updateLogic.sv(24): truncated value with size 32 to match size of target (5) File: C:/UW Sophomore Year/UW Spring 2024 Software/E E 271/ee271labs/lab8 files/lab8 (AFTER WORKING GOL)/lab8-blinker-recognition-main/updateLogic.sv Line: 24
Warning (10230): Verilog HDL assignment warning at updateLogic.sv(25): truncated value with size 32 to match size of target (5) File: C:/UW Sophomore Year/UW Spring 2024 Software/E E 271/ee271labs/lab8 files/lab8 (AFTER WORKING GOL)/lab8-blinker-recognition-main/updateLogic.sv Line: 25
Info (12128): Elaborating entity "LEDDriver" for hierarchy "LEDDriver:Driver" File: C:/UW Sophomore Year/UW Spring 2024 Software/E E 271/ee271labs/lab8 files/lab8 (AFTER WORKING GOL)/lab8-blinker-recognition-main/DE1_SoC.sv Line: 63
Info (12128): Elaborating entity "controlUnit" for hierarchy "controlUnit:control_unit" File: C:/UW Sophomore Year/UW Spring 2024 Software/E E 271/ee271labs/lab8 files/lab8 (AFTER WORKING GOL)/lab8-blinker-recognition-main/DE1_SoC.sv Line: 71
Info (12128): Elaborating entity "patternCounterDisplay" for hierarchy "patternCounterDisplay:counter_display" File: C:/UW Sophomore Year/UW Spring 2024 Software/E E 271/ee271labs/lab8 files/lab8 (AFTER WORKING GOL)/lab8-blinker-recognition-main/DE1_SoC.sv Line: 78
Info (278001): Inferred 1 megafunctions from design logic
    Info (278004): Inferred divider/modulo megafunction ("lpm_divide") from the following logic: "patternCounterDisplay:counter_display|Mod0" File: C:/UW Sophomore Year/UW Spring 2024 Software/E E 271/ee271labs/lab8 files/lab8 (AFTER WORKING GOL)/lab8-blinker-recognition-main/patternCounterDisplay.sv Line: 10
Info (12130): Elaborated megafunction instantiation "patternCounterDisplay:counter_display|lpm_divide:Mod0" File: C:/UW Sophomore Year/UW Spring 2024 Software/E E 271/ee271labs/lab8 files/lab8 (AFTER WORKING GOL)/lab8-blinker-recognition-main/patternCounterDisplay.sv Line: 10
Info (12133): Instantiated megafunction "patternCounterDisplay:counter_display|lpm_divide:Mod0" with the following parameter: File: C:/UW Sophomore Year/UW Spring 2024 Software/E E 271/ee271labs/lab8 files/lab8 (AFTER WORKING GOL)/lab8-blinker-recognition-main/patternCounterDisplay.sv Line: 10
    Info (12134): Parameter "LPM_WIDTHN" = "4"
    Info (12134): Parameter "LPM_WIDTHD" = "4"
    Info (12134): Parameter "LPM_NREPRESENTATION" = "UNSIGNED"
    Info (12134): Parameter "LPM_DREPRESENTATION" = "UNSIGNED"
Info (12021): Found 1 design units, including 1 entities, in source file db/lpm_divide_42m.tdf
    Info (12023): Found entity 1: lpm_divide_42m File: C:/UW Sophomore Year/UW Spring 2024 Software/E E 271/ee271labs/lab8 files/lab8 (AFTER WORKING GOL)/lab8-blinker-recognition-main/db/lpm_divide_42m.tdf Line: 25
Info (12021): Found 1 design units, including 1 entities, in source file db/sign_div_unsign_7kh.tdf
    Info (12023): Found entity 1: sign_div_unsign_7kh File: C:/UW Sophomore Year/UW Spring 2024 Software/E E 271/ee271labs/lab8 files/lab8 (AFTER WORKING GOL)/lab8-blinker-recognition-main/db/sign_div_unsign_7kh.tdf Line: 25
Info (12021): Found 1 design units, including 1 entities, in source file db/alt_u_div_kse.tdf
    Info (12023): Found entity 1: alt_u_div_kse File: C:/UW Sophomore Year/UW Spring 2024 Software/E E 271/ee271labs/lab8 files/lab8 (AFTER WORKING GOL)/lab8-blinker-recognition-main/db/alt_u_div_kse.tdf Line: 23
Info (286030): Timing-Driven Synthesis is running
Info (17049): 25 registers lost all their fanouts during netlist optimizations.
Info (144001): Generated suppressed messages file C:/UW Sophomore Year/UW Spring 2024 Software/E E 271/ee271labs/lab8 files/lab8 (AFTER WORKING GOL)/lab8-blinker-recognition-main/output_files/DE1_SoC.map.smsg
Info (16010): Generating hard_block partition "hard_block:auto_generated_inst"
    Info (16011): Adding 0 node(s), including 0 DDIO, 0 PLL, 0 transceiver and 0 LCELL
Info (21057): Implemented 2892 device resources after synthesis - the final resource count might be different
    Info (21058): Implemented 15 input pins
    Info (21059): Implemented 88 output pins
    Info (21061): Implemented 2789 logic cells
Info: Quartus Prime Analysis & Synthesis was successful. 0 errors, 8 warnings
    Info: Peak virtual memory: 4907 megabytes
    Info: Processing ended: Fri May 31 21:09:52 2024
    Info: Elapsed time: 00:00:21
    Info: Total CPU time (on all processors): 00:00:34


+------------------------------------------+
; Analysis & Synthesis Suppressed Messages ;
+------------------------------------------+
The suppressed messages can be found in C:/UW Sophomore Year/UW Spring 2024 Software/E E 271/ee271labs/lab8 files/lab8 (AFTER WORKING GOL)/lab8-blinker-recognition-main/output_files/DE1_SoC.map.smsg.


