Analysis & Synthesis report for DE1_SoC
Fri May 31 16:38:01 2024
Quartus Prime Version 17.0.0 Build 595 04/25/2017 SJ Lite Edition


---------------------
; Table of Contents ;
---------------------
  1. Legal Notice
  2. Analysis & Synthesis Summary
  3. Analysis & Synthesis Settings
  4. Parallel Compilation
  5. Analysis & Synthesis Source Files Read
  6. Analysis & Synthesis Resource Usage Summary
  7. Analysis & Synthesis Resource Utilization by Entity
  8. General Register Statistics
  9. Post-Synthesis Netlist Statistics for Top Partition
 10. Elapsed Time Per Partition
 11. Analysis & Synthesis Messages
 12. Analysis & Synthesis Suppressed Messages



----------------
; Legal Notice ;
----------------
Copyright (C) 2017  Intel Corporation. All rights reserved.
Your use of Intel Corporation's design tools, logic functions 
and other software and tools, and its AMPP partner logic 
functions, and any output files from any of the foregoing 
(including device programming or simulation files), and any 
associated documentation or information are expressly subject 
to the terms and conditions of the Intel Program License 
Subscription Agreement, the Intel Quartus Prime License Agreement,
the Intel MegaCore Function License Agreement, or other 
applicable license agreement, including, without limitation, 
that your use is for the sole purpose of programming logic 
devices manufactured by Intel and sold by Intel or its 
authorized distributors.  Please refer to the applicable 
agreement for further details.



+-------------------------------------------------------------------------------+
; Analysis & Synthesis Summary                                                  ;
+---------------------------------+---------------------------------------------+
; Analysis & Synthesis Status     ; Successful - Fri May 31 16:38:01 2024       ;
; Quartus Prime Version           ; 17.0.0 Build 595 04/25/2017 SJ Lite Edition ;
; Revision Name                   ; DE1_SoC                                     ;
; Top-level Entity Name           ; grid                                        ;
; Family                          ; Cyclone V                                   ;
; Logic utilization (in ALMs)     ; N/A                                         ;
; Total registers                 ; 484                                         ;
; Total pins                      ; 537                                         ;
; Total virtual pins              ; 0                                           ;
; Total block memory bits         ; 0                                           ;
; Total DSP Blocks                ; 0                                           ;
; Total HSSI RX PCSs              ; 0                                           ;
; Total HSSI PMA RX Deserializers ; 0                                           ;
; Total HSSI TX PCSs              ; 0                                           ;
; Total HSSI PMA TX Serializers   ; 0                                           ;
; Total PLLs                      ; 0                                           ;
; Total DLLs                      ; 0                                           ;
+---------------------------------+---------------------------------------------+


+---------------------------------------------------------------------------------------------------------------------------+
; Analysis & Synthesis Settings                                                                                             ;
+---------------------------------------------------------------------------------+--------------------+--------------------+
; Option                                                                          ; Setting            ; Default Value      ;
+---------------------------------------------------------------------------------+--------------------+--------------------+
; Device                                                                          ; 5CSEMA5F31C6       ;                    ;
; Top-level entity name                                                           ; grid               ; DE1_SoC            ;
; Family name                                                                     ; Cyclone V          ; Cyclone V          ;
; State Machine Processing                                                        ; User-Encoded       ; Auto               ;
; Use smart compilation                                                           ; Off                ; Off                ;
; Enable parallel Assembler and TimeQuest Timing Analyzer during compilation      ; On                 ; On                 ;
; Enable compact report table                                                     ; Off                ; Off                ;
; Restructure Multiplexers                                                        ; Auto               ; Auto               ;
; MLAB Add Timing Constraints For Mixed-Port Feed-Through Mode Setting Don't Care ; Off                ; Off                ;
; Create Debugging Nodes for IP Cores                                             ; Off                ; Off                ;
; Preserve fewer node names                                                       ; On                 ; On                 ;
; OpenCore Plus hardware evaluation                                               ; Enable             ; Enable             ;
; Verilog Version                                                                 ; Verilog_2001       ; Verilog_2001       ;
; VHDL Version                                                                    ; VHDL_1993          ; VHDL_1993          ;
; Safe State Machine                                                              ; Off                ; Off                ;
; Extract Verilog State Machines                                                  ; On                 ; On                 ;
; Extract VHDL State Machines                                                     ; On                 ; On                 ;
; Ignore Verilog initial constructs                                               ; Off                ; Off                ;
; Iteration limit for constant Verilog loops                                      ; 5000               ; 5000               ;
; Iteration limit for non-constant Verilog loops                                  ; 250                ; 250                ;
; Add Pass-Through Logic to Inferred RAMs                                         ; On                 ; On                 ;
; Infer RAMs from Raw Logic                                                       ; On                 ; On                 ;
; Parallel Synthesis                                                              ; On                 ; On                 ;
; DSP Block Balancing                                                             ; Auto               ; Auto               ;
; NOT Gate Push-Back                                                              ; On                 ; On                 ;
; Power-Up Don't Care                                                             ; On                 ; On                 ;
; Remove Redundant Logic Cells                                                    ; Off                ; Off                ;
; Remove Duplicate Registers                                                      ; On                 ; On                 ;
; Ignore CARRY Buffers                                                            ; Off                ; Off                ;
; Ignore CASCADE Buffers                                                          ; Off                ; Off                ;
; Ignore GLOBAL Buffers                                                           ; Off                ; Off                ;
; Ignore ROW GLOBAL Buffers                                                       ; Off                ; Off                ;
; Ignore LCELL Buffers                                                            ; Off                ; Off                ;
; Ignore SOFT Buffers                                                             ; On                 ; On                 ;
; Limit AHDL Integers to 32 Bits                                                  ; Off                ; Off                ;
; Optimization Technique                                                          ; Balanced           ; Balanced           ;
; Carry Chain Length                                                              ; 70                 ; 70                 ;
; Auto Carry Chains                                                               ; On                 ; On                 ;
; Auto Open-Drain Pins                                                            ; On                 ; On                 ;
; Perform WYSIWYG Primitive Resynthesis                                           ; Off                ; Off                ;
; Auto ROM Replacement                                                            ; On                 ; On                 ;
; Auto RAM Replacement                                                            ; On                 ; On                 ;
; Auto DSP Block Replacement                                                      ; On                 ; On                 ;
; Auto Shift Register Replacement                                                 ; Auto               ; Auto               ;
; Allow Shift Register Merging across Hierarchies                                 ; Auto               ; Auto               ;
; Auto Clock Enable Replacement                                                   ; On                 ; On                 ;
; Strict RAM Replacement                                                          ; Off                ; Off                ;
; Allow Synchronous Control Signals                                               ; On                 ; On                 ;
; Force Use of Synchronous Clear Signals                                          ; Off                ; Off                ;
; Auto Resource Sharing                                                           ; Off                ; Off                ;
; Allow Any RAM Size For Recognition                                              ; Off                ; Off                ;
; Allow Any ROM Size For Recognition                                              ; Off                ; Off                ;
; Allow Any Shift Register Size For Recognition                                   ; Off                ; Off                ;
; Use LogicLock Constraints during Resource Balancing                             ; On                 ; On                 ;
; Ignore translate_off and synthesis_off directives                               ; Off                ; Off                ;
; Timing-Driven Synthesis                                                         ; On                 ; On                 ;
; Report Parameter Settings                                                       ; On                 ; On                 ;
; Report Source Assignments                                                       ; On                 ; On                 ;
; Report Connectivity Checks                                                      ; On                 ; On                 ;
; Ignore Maximum Fan-Out Assignments                                              ; Off                ; Off                ;
; Synchronization Register Chain Length                                           ; 3                  ; 3                  ;
; PowerPlay Power Optimization During Synthesis                                   ; Normal compilation ; Normal compilation ;
; HDL message level                                                               ; Level2             ; Level2             ;
; Suppress Register Optimization Related Messages                                 ; Off                ; Off                ;
; Number of Removed Registers Reported in Synthesis Report                        ; 5000               ; 5000               ;
; Number of Swept Nodes Reported in Synthesis Report                              ; 5000               ; 5000               ;
; Number of Inverted Registers Reported in Synthesis Report                       ; 100                ; 100                ;
; Clock MUX Protection                                                            ; On                 ; On                 ;
; Auto Gated Clock Conversion                                                     ; Off                ; Off                ;
; Block Design Naming                                                             ; Auto               ; Auto               ;
; SDC constraint protection                                                       ; Off                ; Off                ;
; Synthesis Effort                                                                ; Auto               ; Auto               ;
; Shift Register Replacement - Allow Asynchronous Clear Signal                    ; On                 ; On                 ;
; Pre-Mapping Resynthesis Optimization                                            ; Off                ; Off                ;
; Analysis & Synthesis Message Level                                              ; Medium             ; Medium             ;
; Disable Register Merging Across Hierarchies                                     ; Auto               ; Auto               ;
; Resource Aware Inference For Block RAM                                          ; On                 ; On                 ;
; Automatic Parallel Synthesis                                                    ; On                 ; On                 ;
; Partial Reconfiguration Bitstream ID                                            ; Off                ; Off                ;
+---------------------------------------------------------------------------------+--------------------+--------------------+


+------------------------------------------+
; Parallel Compilation                     ;
+----------------------------+-------------+
; Processors                 ; Number      ;
+----------------------------+-------------+
; Number detected on machine ; 16          ;
; Maximum allowed            ; 16          ;
;                            ;             ;
; Average used               ; 1.00        ;
; Maximum used               ; 16          ;
;                            ;             ;
; Usage by Processor         ; % Time Used ;
;     Processor 1            ; 100.0%      ;
;     Processor 2            ;   0.0%      ;
;     Processor 3            ;   0.0%      ;
;     Processor 4            ;   0.0%      ;
;     Processor 5            ;   0.0%      ;
;     Processor 6            ;   0.0%      ;
;     Processor 7            ;   0.0%      ;
;     Processor 8            ;   0.0%      ;
;     Processor 9            ;   0.0%      ;
;     Processor 10           ;   0.0%      ;
;     Processors 11-16       ;   0.0%      ;
+----------------------------+-------------+


+-----------------------------------------------------------------------------------------------------------------------------------------------------------------------------------------------------------------------------+
; Analysis & Synthesis Source Files Read                                                                                                                                                                                      ;
+----------------------------------+-----------------+------------------------------+-------------------------------------------------------------------------------------------------------------------------------+---------+
; File Name with User-Entered Path ; Used in Netlist ; File Type                    ; File Name with Absolute Path                                                                                                  ; Library ;
+----------------------------------+-----------------+------------------------------+-------------------------------------------------------------------------------------------------------------------------------+---------+
; grid.sv                          ; yes             ; User SystemVerilog HDL File  ; C:/UW Sophomore Year/UW Spring 2024 Software/E E 271/ee271labs/lab8 files/lab8 (AFTER WORKING GOL)/lab8-grid-simplest/grid.sv ;         ;
+----------------------------------+-----------------+------------------------------+-------------------------------------------------------------------------------------------------------------------------------+---------+


+---------------------------------------------------------+
; Analysis & Synthesis Resource Usage Summary             ;
+---------------------------------------------+-----------+
; Resource                                    ; Usage     ;
+---------------------------------------------+-----------+
; Estimate of Logic utilization (ALMs needed) ; 762       ;
;                                             ;           ;
; Combinational ALUT usage for logic          ; 1012      ;
;     -- 7 input functions                    ; 256       ;
;     -- 6 input functions                    ; 230       ;
;     -- 5 input functions                    ; 251       ;
;     -- 4 input functions                    ; 106       ;
;     -- <=3 input functions                  ; 169       ;
;                                             ;           ;
; Dedicated logic registers                   ; 484       ;
;                                             ;           ;
; I/O pins                                    ; 537       ;
;                                             ;           ;
; Total DSP Blocks                            ; 0         ;
;                                             ;           ;
; Maximum fan-out node                        ; clk~input ;
; Maximum fan-out                             ; 484       ;
; Total fan-out                               ; 7749      ;
; Average fan-out                             ; 3.02      ;
+---------------------------------------------+-----------+


+----------------------------------------------------------------------------------------------------------------------------------------------------------------------------------------+
; Analysis & Synthesis Resource Utilization by Entity                                                                                                                                    ;
+----------------------------+---------------------+---------------------------+-------------------+------------+------+--------------+---------------------+-------------+--------------+
; Compilation Hierarchy Node ; Combinational ALUTs ; Dedicated Logic Registers ; Block Memory Bits ; DSP Blocks ; Pins ; Virtual Pins ; Full Hierarchy Name ; Entity Name ; Library Name ;
+----------------------------+---------------------+---------------------------+-------------------+------------+------+--------------+---------------------+-------------+--------------+
; |grid                      ; 1012 (1012)         ; 484 (484)                 ; 0                 ; 0          ; 537  ; 0            ; |grid               ;             ;              ;
+----------------------------+---------------------+---------------------------+-------------------+------------+------+--------------+---------------------+-------------+--------------+
Note: For table entries with two numbers listed, the numbers in parentheses indicate the number of resources of the given type used by the specific entity alone. The numbers listed outside of parentheses indicate the total resources of the given type used by the specific entity and all of its sub-entities in the hierarchy.


+------------------------------------------------------+
; General Register Statistics                          ;
+----------------------------------------------+-------+
; Statistic                                    ; Value ;
+----------------------------------------------+-------+
; Total registers                              ; 484   ;
; Number of registers using Synchronous Clear  ; 0     ;
; Number of registers using Synchronous Load   ; 0     ;
; Number of registers using Asynchronous Clear ; 484   ;
; Number of registers using Asynchronous Load  ; 0     ;
; Number of registers using Clock Enable       ; 228   ;
; Number of registers using Preset             ; 0     ;
+----------------------------------------------+-------+


+-----------------------------------------------------+
; Post-Synthesis Netlist Statistics for Top Partition ;
+-----------------------+-----------------------------+
; Type                  ; Count                       ;
+-----------------------+-----------------------------+
; arriav_ff             ; 484                         ;
;     CLR               ; 256                         ;
;     ENA CLR           ; 228                         ;
; arriav_lcell_comb     ; 1012                        ;
;     extend            ; 256                         ;
;         7 data inputs ; 256                         ;
;     normal            ; 756                         ;
;         2 data inputs ; 86                          ;
;         3 data inputs ; 83                          ;
;         4 data inputs ; 106                         ;
;         5 data inputs ; 251                         ;
;         6 data inputs ; 230                         ;
; boundary_port         ; 537                         ;
;                       ;                             ;
; Max LUT depth         ; 96.00                       ;
; Average LUT depth     ; 43.15                       ;
+-----------------------+-----------------------------+


+-------------------------------+
; Elapsed Time Per Partition    ;
+----------------+--------------+
; Partition Name ; Elapsed Time ;
+----------------+--------------+
; Top            ; 00:00:06     ;
+----------------+--------------+


+-------------------------------+
; Analysis & Synthesis Messages ;
+-------------------------------+
Info: *******************************************************************
Info: Running Quartus Prime Analysis & Synthesis
    Info: Version 17.0.0 Build 595 04/25/2017 SJ Lite Edition
    Info: Processing started: Fri May 31 16:37:45 2024
Info: Command: quartus_map --read_settings_files=on --write_settings_files=off DE1_SoC -c DE1_SoC
Info (20030): Parallel compilation is enabled and will use 16 of the 16 processors detected
Info (12021): Found 2 design units, including 2 entities, in source file de1_soc.sv
    Info (12023): Found entity 1: DE1_SoC File: C:/UW Sophomore Year/UW Spring 2024 Software/E E 271/ee271labs/lab8 files/lab8 (AFTER WORKING GOL)/lab8-grid-simplest/DE1_SoC.sv Line: 2
    Info (12023): Found entity 2: DE1_SoC_testbench File: C:/UW Sophomore Year/UW Spring 2024 Software/E E 271/ee271labs/lab8 files/lab8 (AFTER WORKING GOL)/lab8-grid-simplest/DE1_SoC.sv Line: 98
Info (12021): Found 2 design units, including 2 entities, in source file clock_divider.sv
    Info (12023): Found entity 1: clock_divider File: C:/UW Sophomore Year/UW Spring 2024 Software/E E 271/ee271labs/lab8 files/lab8 (AFTER WORKING GOL)/lab8-grid-simplest/clock_divider.sv Line: 2
    Info (12023): Found entity 2: clock_divider_testbench File: C:/UW Sophomore Year/UW Spring 2024 Software/E E 271/ee271labs/lab8 files/lab8 (AFTER WORKING GOL)/lab8-grid-simplest/clock_divider.sv Line: 13
Info (12021): Found 2 design units, including 2 entities, in source file userinput.sv
    Info (12023): Found entity 1: userInput File: C:/UW Sophomore Year/UW Spring 2024 Software/E E 271/ee271labs/lab8 files/lab8 (AFTER WORKING GOL)/lab8-grid-simplest/userInput.sv Line: 2
    Info (12023): Found entity 2: userInput_testbench File: C:/UW Sophomore Year/UW Spring 2024 Software/E E 271/ee271labs/lab8 files/lab8 (AFTER WORKING GOL)/lab8-grid-simplest/userInput.sv Line: 106
Info (12021): Found 3 design units, including 3 entities, in source file leddriver.sv
    Info (12023): Found entity 1: LEDDriver File: C:/UW Sophomore Year/UW Spring 2024 Software/E E 271/ee271labs/lab8 files/lab8 (AFTER WORKING GOL)/lab8-grid-simplest/LEDDriver.sv Line: 13
    Info (12023): Found entity 2: LEDDriver_Test File: C:/UW Sophomore Year/UW Spring 2024 Software/E E 271/ee271labs/lab8 files/lab8 (AFTER WORKING GOL)/lab8-grid-simplest/LEDDriver.sv Line: 34
    Info (12023): Found entity 3: LEDDriver_TestPhysical File: C:/UW Sophomore Year/UW Spring 2024 Software/E E 271/ee271labs/lab8 files/lab8 (AFTER WORKING GOL)/lab8-grid-simplest/LEDDriver.sv Line: 71
Info (12021): Found 2 design units, including 2 entities, in source file grid.sv
    Info (12023): Found entity 1: grid File: C:/UW Sophomore Year/UW Spring 2024 Software/E E 271/ee271labs/lab8 files/lab8 (AFTER WORKING GOL)/lab8-grid-simplest/grid.sv Line: 2
    Info (12023): Found entity 2: grid_testbench File: C:/UW Sophomore Year/UW Spring 2024 Software/E E 271/ee271labs/lab8 files/lab8 (AFTER WORKING GOL)/lab8-grid-simplest/grid.sv Line: 58
Info (12021): Found 1 design units, including 1 entities, in source file controlunit.sv
    Info (12023): Found entity 1: controlUnit File: C:/UW Sophomore Year/UW Spring 2024 Software/E E 271/ee271labs/lab8 files/lab8 (AFTER WORKING GOL)/lab8-grid-simplest/controlUnit.sv Line: 3
Info (12021): Found 1 design units, including 1 entities, in source file updatelogic.sv
    Info (12023): Found entity 1: updateLogic File: C:/UW Sophomore Year/UW Spring 2024 Software/E E 271/ee271labs/lab8 files/lab8 (AFTER WORKING GOL)/lab8-grid-simplest/updateLogic.sv Line: 4
Info (12021): Found 1 design units, including 1 entities, in source file patterncounterdisplay.sv
    Info (12023): Found entity 1: patternCounterDisplay File: C:/UW Sophomore Year/UW Spring 2024 Software/E E 271/ee271labs/lab8 files/lab8 (AFTER WORKING GOL)/lab8-grid-simplest/patternCounterDisplay.sv Line: 2
Info (12127): Elaborating entity "grid" for the top level hierarchy
Warning (10230): Verilog HDL assignment warning at grid.sv(41): truncated value with size 32 to match size of target (4) File: C:/UW Sophomore Year/UW Spring 2024 Software/E E 271/ee271labs/lab8 files/lab8 (AFTER WORKING GOL)/lab8-grid-simplest/grid.sv Line: 41
Info (286030): Timing-Driven Synthesis is running
Info (144001): Generated suppressed messages file C:/UW Sophomore Year/UW Spring 2024 Software/E E 271/ee271labs/lab8 files/lab8 (AFTER WORKING GOL)/lab8-grid-simplest/output_files/DE1_SoC.map.smsg
Info (16010): Generating hard_block partition "hard_block:auto_generated_inst"
    Info (16011): Adding 0 node(s), including 0 DDIO, 0 PLL, 0 transceiver and 0 LCELL
Info (21057): Implemented 1773 device resources after synthesis - the final resource count might be different
    Info (21058): Implemented 277 input pins
    Info (21059): Implemented 260 output pins
    Info (21061): Implemented 1236 logic cells
Info: Quartus Prime Analysis & Synthesis was successful. 0 errors, 1 warning
    Info: Peak virtual memory: 4889 megabytes
    Info: Processing ended: Fri May 31 16:38:01 2024
    Info: Elapsed time: 00:00:16
    Info: Total CPU time (on all processors): 00:00:30


+------------------------------------------+
; Analysis & Synthesis Suppressed Messages ;
+------------------------------------------+
The suppressed messages can be found in C:/UW Sophomore Year/UW Spring 2024 Software/E E 271/ee271labs/lab8 files/lab8 (AFTER WORKING GOL)/lab8-grid-simplest/output_files/DE1_SoC.map.smsg.


